<?xml version="1.0" encoding="UTF-8"?>
<!-- Generated by org.testng.reporters.JUnitReportReporter -->
<testsuite hostname="Aisho" failures="0" tests="2" name="com.test.LoginTest" time="15.820" errors="0" timestamp="2022-09-21T16:58:36 IST" skipped="0">
  <testcase classname="com.test.LoginTest" name="loginTest" time="11.154"/>
  <system-out/>
  <testcase classname="com.test.LoginTest" name="signUpTest" time="4.666"/>
  <system-out/>
</testsuite> <!-- com.test.LoginTest -->
